{"/Users/kevinsaldana/Documents/COSC-4353-Fuel-Project/FuelQuoteServer.js": {"path":"/Users/kevinsaldana/Documents/COSC-4353-Fuel-Project/FuelQuoteServer.js","statementMap":{"0":{"start":{"line":1,"column":16},"end":{"line":1,"column":34}},"1":{"start":{"line":4,"column":12},"end":{"line":4,"column":21}},"2":{"start":{"line":5,"column":0},"end":{"line":5,"column":24}},"3":{"start":{"line":8,"column":0},"end":{"line":16,"column":3}},"4":{"start":{"line":9,"column":56},"end":{"line":9,"column":64}},"5":{"start":{"line":10,"column":4},"end":{"line":15,"column":5}},"6":{"start":{"line":12,"column":6},"end":{"line":12,"column":50}},"7":{"start":{"line":14,"column":6},"end":{"line":14,"column":49}},"8":{"start":{"line":19,"column":15},"end":{"line":21,"column":2}},"9":{"start":{"line":20,"column":4},"end":{"line":20,"column":47}},"10":{"start":{"line":23,"column":0},"end":{"line":23,"column":24}}},"fnMap":{"0":{"name":"(anonymous_0)","decl":{"start":{"line":8,"column":23},"end":{"line":8,"column":24}},"loc":{"start":{"line":8,"column":37},"end":{"line":16,"column":1}},"line":8},"1":{"name":"(anonymous_1)","decl":{"start":{"line":19,"column":32},"end":{"line":19,"column":33}},"loc":{"start":{"line":19,"column":38},"end":{"line":21,"column":1}},"line":19}},"branchMap":{"0":{"loc":{"start":{"line":10,"column":4},"end":{"line":15,"column":5}},"type":"if","locations":[{"start":{"line":10,"column":4},"end":{"line":15,"column":5}},{"start":{"line":13,"column":11},"end":{"line":15,"column":5}}],"line":10},"1":{"loc":{"start":{"line":10,"column":8},"end":{"line":11,"column":40}},"type":"binary-expr","locations":[{"start":{"line":10,"column":8},"end":{"line":10,"column":31}},{"start":{"line":10,"column":35},"end":{"line":10,"column":62}},{"start":{"line":11,"column":7},"end":{"line":11,"column":21}},{"start":{"line":11,"column":25},"end":{"line":11,"column":40}}],"line":10}},"s":{"0":1,"1":1,"2":1,"3":1,"4":2,"5":2,"6":1,"7":1,"8":1,"9":1,"10":1},"f":{"0":2,"1":1},"b":{"0":[1,1],"1":[2,1,1,1]},"_coverageSchema":"1a1c01bbd47fc00a2c39e90264f33305004495a9","hash":"414bd6156d777295ce37aa0b7885051a918e658e"}
,"/Users/kevinsaldana/Documents/COSC-4353-Fuel-Project/SignUpServer.js": {"path":"/Users/kevinsaldana/Documents/COSC-4353-Fuel-Project/SignUpServer.js","statementMap":{"0":{"start":{"line":1,"column":16},"end":{"line":1,"column":34}},"1":{"start":{"line":2,"column":12},"end":{"line":2,"column":21}},"2":{"start":{"line":3,"column":13},"end":{"line":3,"column":28}},"3":{"start":{"line":4,"column":15},"end":{"line":4,"column":39}},"4":{"start":{"line":6,"column":0},"end":{"line":6,"column":24}},"5":{"start":{"line":7,"column":0},"end":{"line":7,"column":48}},"6":{"start":{"line":8,"column":0},"end":{"line":8,"column":34}},"7":{"start":{"line":11,"column":0},"end":{"line":37,"column":3}},"8":{"start":{"line":13,"column":2},"end":{"line":13,"column":71}},"9":{"start":{"line":17,"column":30},"end":{"line":17,"column":38}},"10":{"start":{"line":19,"column":2},"end":{"line":36,"column":3}},"11":{"start":{"line":20,"column":4},"end":{"line":20,"column":29}},"12":{"start":{"line":21,"column":4},"end":{"line":21,"column":52}},"13":{"start":{"line":22,"column":9},"end":{"line":36,"column":3}},"14":{"start":{"line":23,"column":4},"end":{"line":23,"column":28}},"15":{"start":{"line":24,"column":4},"end":{"line":24,"column":72}},"16":{"start":{"line":26,"column":4},"end":{"line":26,"column":28}},"17":{"start":{"line":28,"column":4},"end":{"line":34,"column":7}},"18":{"start":{"line":29,"column":6},"end":{"line":32,"column":9}},"19":{"start":{"line":31,"column":8},"end":{"line":31,"column":21}},"20":{"start":{"line":35,"column":4},"end":{"line":35,"column":84}},"21":{"start":{"line":40,"column":15},"end":{"line":42,"column":2}},"22":{"start":{"line":41,"column":2},"end":{"line":41,"column":45}},"23":{"start":{"line":44,"column":0},"end":{"line":44,"column":24}}},"fnMap":{"0":{"name":"(anonymous_0)","decl":{"start":{"line":12,"column":5},"end":{"line":12,"column":6}},"loc":{"start":{"line":12,"column":18},"end":{"line":14,"column":1}},"line":12},"1":{"name":"(anonymous_1)","decl":{"start":{"line":16,"column":6},"end":{"line":16,"column":7}},"loc":{"start":{"line":16,"column":20},"end":{"line":37,"column":1}},"line":16},"2":{"name":"(anonymous_2)","decl":{"start":{"line":28,"column":19},"end":{"line":28,"column":20}},"loc":{"start":{"line":28,"column":33},"end":{"line":34,"column":5}},"line":28},"3":{"name":"(anonymous_3)","decl":{"start":{"line":29,"column":134},"end":{"line":29,"column":135}},"loc":{"start":{"line":29,"column":156},"end":{"line":32,"column":7}},"line":29},"4":{"name":"(anonymous_4)","decl":{"start":{"line":40,"column":32},"end":{"line":40,"column":33}},"loc":{"start":{"line":40,"column":38},"end":{"line":42,"column":1}},"line":40}},"branchMap":{"0":{"loc":{"start":{"line":19,"column":2},"end":{"line":36,"column":3}},"type":"if","locations":[{"start":{"line":19,"column":2},"end":{"line":36,"column":3}},{"start":{"line":22,"column":9},"end":{"line":36,"column":3}}],"line":19},"1":{"loc":{"start":{"line":19,"column":6},"end":{"line":19,"column":28}},"type":"binary-expr","locations":[{"start":{"line":19,"column":6},"end":{"line":19,"column":15}},{"start":{"line":19,"column":19},"end":{"line":19,"column":28}}],"line":19},"2":{"loc":{"start":{"line":22,"column":9},"end":{"line":36,"column":3}},"type":"if","locations":[{"start":{"line":22,"column":9},"end":{"line":36,"column":3}},{"start":{"line":25,"column":9},"end":{"line":36,"column":3}}],"line":22}},"s":{"0":1,"1":1,"2":1,"3":1,"4":1,"5":1,"6":1,"7":1,"8":1,"9":3,"10":3,"11":1,"12":1,"13":2,"14":1,"15":1,"16":1,"17":1,"18":0,"19":0,"20":1,"21":1,"22":1,"23":1},"f":{"0":1,"1":3,"2":0,"3":0,"4":1},"b":{"0":[1,2],"1":[3,3],"2":[1,1]},"_coverageSchema":"1a1c01bbd47fc00a2c39e90264f33305004495a9","hash":"337b1c8ae8b9d1c8f82b5d3d2b6870f36b9ac3f3"}
,"/Users/kevinsaldana/Documents/COSC-4353-Fuel-Project/database.js": {"path":"/Users/kevinsaldana/Documents/COSC-4353-Fuel-Project/database.js","statementMap":{"0":{"start":{"line":1,"column":9},"end":{"line":1,"column":22}},"1":{"start":{"line":3,"column":16},"end":{"line":3,"column":103}},"2":{"start":{"line":4,"column":13},"end":{"line":4,"column":37}},"3":{"start":{"line":7,"column":0},"end":{"line":7,"column":24}}},"fnMap":{},"branchMap":{},"s":{"0":3,"1":3,"2":3,"3":3},"f":{},"b":{},"_coverageSchema":"1a1c01bbd47fc00a2c39e90264f33305004495a9","hash":"fa83008146ad3e2e68229f2c7202006eca275dbb"}
,"/Users/kevinsaldana/Documents/COSC-4353-Fuel-Project/gallonQuoteFormServer.js": {"path":"/Users/kevinsaldana/Documents/COSC-4353-Fuel-Project/gallonQuoteFormServer.js","statementMap":{"0":{"start":{"line":1,"column":16},"end":{"line":1,"column":34}},"1":{"start":{"line":3,"column":12},"end":{"line":3,"column":21}},"2":{"start":{"line":5,"column":0},"end":{"line":5,"column":24}},"3":{"start":{"line":8,"column":0},"end":{"line":17,"column":3}},"4":{"start":{"line":9,"column":42},"end":{"line":9,"column":50}},"5":{"start":{"line":10,"column":2},"end":{"line":16,"column":3}},"6":{"start":{"line":11,"column":4},"end":{"line":11,"column":90}},"7":{"start":{"line":12,"column":9},"end":{"line":16,"column":3}},"8":{"start":{"line":13,"column":4},"end":{"line":13,"column":60}},"9":{"start":{"line":15,"column":4},"end":{"line":15,"column":46}},"10":{"start":{"line":19,"column":15},"end":{"line":21,"column":2}},"11":{"start":{"line":20,"column":2},"end":{"line":20,"column":45}},"12":{"start":{"line":23,"column":0},"end":{"line":23,"column":24}}},"fnMap":{"0":{"name":"(anonymous_0)","decl":{"start":{"line":8,"column":35},"end":{"line":8,"column":36}},"loc":{"start":{"line":8,"column":49},"end":{"line":17,"column":1}},"line":8},"1":{"name":"(anonymous_1)","decl":{"start":{"line":19,"column":32},"end":{"line":19,"column":33}},"loc":{"start":{"line":19,"column":38},"end":{"line":21,"column":1}},"line":19}},"branchMap":{"0":{"loc":{"start":{"line":10,"column":2},"end":{"line":16,"column":3}},"type":"if","locations":[{"start":{"line":10,"column":2},"end":{"line":16,"column":3}},{"start":{"line":12,"column":9},"end":{"line":16,"column":3}}],"line":10},"1":{"loc":{"start":{"line":10,"column":6},"end":{"line":10,"column":40}},"type":"binary-expr","locations":[{"start":{"line":10,"column":6},"end":{"line":10,"column":23}},{"start":{"line":10,"column":27},"end":{"line":10,"column":40}}],"line":10},"2":{"loc":{"start":{"line":12,"column":9},"end":{"line":16,"column":3}},"type":"if","locations":[{"start":{"line":12,"column":9},"end":{"line":16,"column":3}},{"start":{"line":14,"column":8},"end":{"line":16,"column":3}}],"line":12},"3":{"loc":{"start":{"line":12,"column":13},"end":{"line":12,"column":91}},"type":"binary-expr","locations":[{"start":{"line":12,"column":13},"end":{"line":12,"column":34}},{"start":{"line":12,"column":38},"end":{"line":12,"column":91}}],"line":12}},"s":{"0":1,"1":1,"2":1,"3":1,"4":6,"5":6,"6":2,"7":4,"8":2,"9":2,"10":1,"11":1,"12":1},"f":{"0":6,"1":1},"b":{"0":[2,4],"1":[6,5],"2":[2,2],"3":[4,3]},"_coverageSchema":"1a1c01bbd47fc00a2c39e90264f33305004495a9","hash":"cb6c4d00f2dc4d2db128504fcfbe21b60704cae8"}
,"/Users/kevinsaldana/Documents/COSC-4353-Fuel-Project/loginPageServer.js": {"path":"/Users/kevinsaldana/Documents/COSC-4353-Fuel-Project/loginPageServer.js","statementMap":{"0":{"start":{"line":1,"column":16},"end":{"line":1,"column":34}},"1":{"start":{"line":2,"column":12},"end":{"line":2,"column":21}},"2":{"start":{"line":3,"column":13},"end":{"line":3,"column":28}},"3":{"start":{"line":4,"column":15},"end":{"line":4,"column":39}},"4":{"start":{"line":6,"column":0},"end":{"line":6,"column":24}},"5":{"start":{"line":7,"column":0},"end":{"line":7,"column":48}},"6":{"start":{"line":8,"column":0},"end":{"line":8,"column":34}},"7":{"start":{"line":11,"column":0},"end":{"line":33,"column":3}},"8":{"start":{"line":13,"column":2},"end":{"line":13,"column":74}},"9":{"start":{"line":17,"column":32},"end":{"line":17,"column":40}},"10":{"start":{"line":18,"column":2},"end":{"line":18,"column":33}},"11":{"start":{"line":19,"column":2},"end":{"line":21,"column":3}},"12":{"start":{"line":20,"column":4},"end":{"line":20,"column":76}},"13":{"start":{"line":22,"column":2},"end":{"line":32,"column":5}},"14":{"start":{"line":23,"column":4},"end":{"line":31,"column":7}},"15":{"start":{"line":24,"column":6},"end":{"line":29,"column":7}},"16":{"start":{"line":25,"column":8},"end":{"line":25,"column":86}},"17":{"start":{"line":28,"column":8},"end":{"line":28,"column":80}},"18":{"start":{"line":30,"column":6},"end":{"line":30,"column":19}},"19":{"start":{"line":36,"column":15},"end":{"line":38,"column":2}},"20":{"start":{"line":37,"column":2},"end":{"line":37,"column":45}},"21":{"start":{"line":40,"column":0},"end":{"line":40,"column":24}}},"fnMap":{"0":{"name":"(anonymous_0)","decl":{"start":{"line":12,"column":5},"end":{"line":12,"column":6}},"loc":{"start":{"line":12,"column":18},"end":{"line":14,"column":1}},"line":12},"1":{"name":"(anonymous_1)","decl":{"start":{"line":16,"column":6},"end":{"line":16,"column":7}},"loc":{"start":{"line":16,"column":25},"end":{"line":33,"column":1}},"line":16},"2":{"name":"(anonymous_2)","decl":{"start":{"line":22,"column":17},"end":{"line":22,"column":18}},"loc":{"start":{"line":22,"column":31},"end":{"line":32,"column":3}},"line":22},"3":{"name":"(anonymous_3)","decl":{"start":{"line":23,"column":129},"end":{"line":23,"column":130}},"loc":{"start":{"line":23,"column":151},"end":{"line":31,"column":5}},"line":23},"4":{"name":"(anonymous_4)","decl":{"start":{"line":36,"column":32},"end":{"line":36,"column":33}},"loc":{"start":{"line":36,"column":38},"end":{"line":38,"column":1}},"line":36}},"branchMap":{"0":{"loc":{"start":{"line":19,"column":2},"end":{"line":21,"column":3}},"type":"if","locations":[{"start":{"line":19,"column":2},"end":{"line":21,"column":3}},{"start":{},"end":{}}],"line":19},"1":{"loc":{"start":{"line":24,"column":6},"end":{"line":29,"column":7}},"type":"if","locations":[{"start":{"line":24,"column":6},"end":{"line":29,"column":7}},{"start":{"line":27,"column":11},"end":{"line":29,"column":7}}],"line":24}},"s":{"0":1,"1":1,"2":1,"3":1,"4":1,"5":1,"6":1,"7":1,"8":1,"9":2,"10":2,"11":2,"12":1,"13":2,"14":2,"15":2,"16":1,"17":0,"18":1,"19":1,"20":1,"21":1},"f":{"0":1,"1":2,"2":2,"3":2,"4":1},"b":{"0":[1,1],"1":[1,0]},"_coverageSchema":"1a1c01bbd47fc00a2c39e90264f33305004495a9","hash":"4676f46a914817ac5324b448a49915e8c7642170"}
,"/Users/kevinsaldana/Documents/COSC-4353-Fuel-Project/profileManagementServer.js": {"path":"/Users/kevinsaldana/Documents/COSC-4353-Fuel-Project/profileManagementServer.js","statementMap":{"0":{"start":{"line":1,"column":16},"end":{"line":1,"column":34}},"1":{"start":{"line":2,"column":12},"end":{"line":2,"column":21}},"2":{"start":{"line":3,"column":13},"end":{"line":3,"column":28}},"3":{"start":{"line":4,"column":15},"end":{"line":4,"column":39}},"4":{"start":{"line":6,"column":0},"end":{"line":6,"column":24}},"5":{"start":{"line":7,"column":0},"end":{"line":7,"column":48}},"6":{"start":{"line":8,"column":0},"end":{"line":8,"column":34}},"7":{"start":{"line":11,"column":0},"end":{"line":27,"column":3}},"8":{"start":{"line":13,"column":2},"end":{"line":13,"column":82}},"9":{"start":{"line":16,"column":63},"end":{"line":16,"column":71}},"10":{"start":{"line":17,"column":2},"end":{"line":26,"column":3}},"11":{"start":{"line":18,"column":4},"end":{"line":18,"column":44}},"12":{"start":{"line":20,"column":4},"end":{"line":25,"column":5}},"13":{"start":{"line":21,"column":6},"end":{"line":24,"column":9}},"14":{"start":{"line":22,"column":6},"end":{"line":22,"column":84}},"15":{"start":{"line":23,"column":6},"end":{"line":23,"column":19}},"16":{"start":{"line":30,"column":15},"end":{"line":32,"column":2}},"17":{"start":{"line":31,"column":2},"end":{"line":31,"column":45}},"18":{"start":{"line":34,"column":0},"end":{"line":34,"column":24}}},"fnMap":{"0":{"name":"(anonymous_0)","decl":{"start":{"line":12,"column":5},"end":{"line":12,"column":6}},"loc":{"start":{"line":12,"column":18},"end":{"line":15,"column":1}},"line":12},"1":{"name":"(anonymous_1)","decl":{"start":{"line":15,"column":8},"end":{"line":15,"column":9}},"loc":{"start":{"line":15,"column":27},"end":{"line":27,"column":1}},"line":15},"2":{"name":"(anonymous_2)","decl":{"start":{"line":20,"column":19},"end":{"line":20,"column":20}},"loc":{"start":{"line":20,"column":33},"end":{"line":25,"column":3}},"line":20},"3":{"name":"(anonymous_3)","decl":{"start":{"line":21,"column":225},"end":{"line":21,"column":226}},"loc":{"start":{"line":21,"column":247},"end":{"line":24,"column":7}},"line":21},"4":{"name":"(anonymous_4)","decl":{"start":{"line":30,"column":32},"end":{"line":30,"column":33}},"loc":{"start":{"line":30,"column":38},"end":{"line":32,"column":1}},"line":30}},"branchMap":{"0":{"loc":{"start":{"line":17,"column":2},"end":{"line":26,"column":3}},"type":"if","locations":[{"start":{"line":17,"column":2},"end":{"line":26,"column":3}},{"start":{"line":19,"column":9},"end":{"line":26,"column":3}}],"line":17},"1":{"loc":{"start":{"line":17,"column":6},"end":{"line":17,"column":81}},"type":"binary-expr","locations":[{"start":{"line":17,"column":6},"end":{"line":17,"column":15}},{"start":{"line":17,"column":19},"end":{"line":17,"column":28}},{"start":{"line":17,"column":32},"end":{"line":17,"column":37}},{"start":{"line":17,"column":41},"end":{"line":17,"column":47}},{"start":{"line":17,"column":51},"end":{"line":17,"column":59}},{"start":{"line":17,"column":63},"end":{"line":17,"column":81}}],"line":17}},"s":{"0":1,"1":1,"2":1,"3":1,"4":1,"5":1,"6":1,"7":1,"8":1,"9":3,"10":3,"11":2,"12":1,"13":1,"14":0,"15":0,"16":1,"17":1,"18":1},"f":{"0":1,"1":3,"2":1,"3":0,"4":1},"b":{"0":[2,1],"1":[3,2,2,2,2,1]},"_coverageSchema":"1a1c01bbd47fc00a2c39e90264f33305004495a9","hash":"ea1e51a76bd8d0ef951e664b2eca0dd0124e7310"}
}
