TN:
SF:FuelQuoteServer.js
FN:8,(anonymous_0)
FN:19,(anonymous_1)
FNF:2
FNH:2
FNDA:2,(anonymous_0)
FNDA:1,(anonymous_1)
DA:1,1
DA:4,1
DA:5,1
DA:8,1
DA:9,2
DA:10,2
DA:12,1
DA:14,1
DA:19,1
DA:20,1
DA:23,1
LF:11
LH:11
BRDA:10,0,0,1
BRDA:10,0,1,1
BRDA:10,1,0,2
BRDA:10,1,1,1
BRDA:10,1,2,1
BRDA:10,1,3,1
BRF:6
BRH:6
end_of_record
TN:
SF:SignUpServer.js
FN:7,(anonymous_0)
FN:22,(anonymous_1)
FNF:2
FNH:2
FNDA:3,(anonymous_0)
FNDA:1,(anonymous_1)
DA:1,1
DA:2,1
DA:4,1
DA:7,1
DA:8,3
DA:10,3
DA:11,3
DA:12,1
DA:13,2
DA:14,1
DA:17,1
DA:22,1
DA:23,1
DA:26,1
LF:14
LH:14
BRDA:11,0,0,1
BRDA:11,0,1,2
BRDA:11,1,0,3
BRDA:11,1,1,3
BRDA:13,2,0,1
BRDA:13,2,1,1
BRF:6
BRH:6
end_of_record
TN:
SF:gallonQuoteFormServer.js
FN:8,(anonymous_0)
FN:19,(anonymous_1)
FNF:2
FNH:2
FNDA:6,(anonymous_0)
FNDA:1,(anonymous_1)
DA:1,1
DA:3,1
DA:5,1
DA:8,1
DA:9,6
DA:10,6
DA:11,2
DA:12,4
DA:13,2
DA:15,2
DA:19,1
DA:20,1
DA:23,1
LF:13
LH:13
BRDA:10,0,0,2
BRDA:10,0,1,4
BRDA:10,1,0,6
BRDA:10,1,1,5
BRDA:12,2,0,2
BRDA:12,2,1,2
BRDA:12,3,0,4
BRDA:12,3,1,3
BRF:8
BRH:8
end_of_record
TN:
SF:loginPageServer.js
FN:10,(anonymous_0)
FN:20,(anonymous_1)
FNF:2
FNH:2
FNDA:2,(anonymous_0)
FNDA:1,(anonymous_1)
DA:1,1
DA:2,1
DA:4,1
DA:7,1
DA:10,1
DA:11,2
DA:12,2
DA:13,1
DA:15,1
DA:20,1
DA:21,1
DA:24,1
LF:12
LH:12
BRDA:12,0,0,1
BRDA:12,0,1,1
BRDA:12,1,0,2
BRDA:12,1,1,1
BRF:4
BRH:4
end_of_record
TN:
SF:profileManagementServer.js
FN:10,(anonymous_0)
FN:21,(anonymous_1)
FNF:2
FNH:2
FNDA:3,(anonymous_0)
FNDA:1,(anonymous_1)
DA:1,1
DA:2,1
DA:4,1
DA:7,1
DA:10,1
DA:11,3
DA:12,3
DA:14,1
DA:16,2
DA:21,1
DA:22,1
DA:25,1
LF:12
LH:12
BRDA:12,0,0,1
BRDA:12,0,1,2
BRDA:12,1,0,3
BRDA:12,1,1,1
BRDA:12,1,2,1
BRDA:12,1,3,1
BRDA:12,1,4,1
BRDA:12,1,5,1
BRF:8
BRH:8
end_of_record
